
*** Running vivado
    with args -log MLP1_processing_system7_0_0.vds -m64 -product Vivado -mode batch -messageDb vivado.pb -notrace -source MLP1_processing_system7_0_0.tcl


****** Vivado v2022.2 (64-bit)
  **** SW Build 3671981 on Fri Oct 14 04:59:54 MDT 2022
  **** IP Build 3669848 on Fri Oct 14 08:30:02 MDT 2022
    ** Copyright 1986-2022 Xilinx, Inc. All Rights Reserved.

source MLP1_processing_system7_0_0.tcl -notrace
create_project: Time (s): cpu = 00:00:10 ; elapsed = 00:00:12 . Memory (MB): peak = 1356.438 ; gain = 2.016 ; free physical = 127 ; free virtual = 19292
INFO: [IP_Flow 19-234] Refreshing IP repositories
INFO: [IP_Flow 19-1700] Loaded user IP repository '/home/mina/Downloads/ip_repo/IP_1_0'.
INFO: [IP_Flow 19-2313] Loaded Vivado IP repository '/tools/Xilinx/Vivado/2022.2/data/ip'.
Command: synth_design -top MLP1_processing_system7_0_0 -part xc7z010clg400-1 -incremental_mode off -mode out_of_context
Starting synth_design
Attempting to get a license for feature 'Synthesis' and/or device 'xc7z010'
INFO: [Common 17-349] Got license for feature 'Synthesis' and/or device 'xc7z010'
INFO: [Device 21-403] Loading part xc7z010clg400-1
INFO: [Synth 8-7079] Multithreading enabled for synth_design using a maximum of 4 processes.
INFO: [Synth 8-7078] Launching helper process for spawning children vivado processes
INFO: [Synth 8-7075] Helper process launched with PID 9675
INFO: [Synth 8-11241] undeclared symbol 'REGCCE', assumed default net type 'wire' [/tools/Xilinx/Vivado/2022.2/data/verilog/src/unimacro/BRAM_SINGLE_MACRO.v:2170]
---------------------------------------------------------------------------------
Starting RTL Elaboration : Time (s): cpu = 00:00:08 ; elapsed = 00:00:20 . Memory (MB): peak = 1999.602 ; gain = 371.766 ; free physical = 129 ; free virtual = 15969
Synthesis current peak Physical Memory [PSS] (MB): peak = 1147.687; parent = 1016.935; children = 130.752
Synthesis current peak Virtual Memory [VSS] (MB): peak = 3039.406; parent = 2003.574; children = 1035.832
---------------------------------------------------------------------------------
INFO: [Synth 8-6157] synthesizing module 'MLP1_processing_system7_0_0' [/home/mina/Downloads/IP_NOV0/IP_NOV0.gen/sources_1/bd/MLP1/ip/MLP1_processing_system7_0_0/synth/MLP1_processing_system7_0_0.v:53]
INFO: [Synth 8-6157] synthesizing module 'processing_system7_v5_5_processing_system7' [/home/mina/Downloads/IP_NOV0/IP_NOV0.gen/sources_1/bd/MLP1/ip/MLP1_processing_system7_0_0/hdl/verilog/processing_system7_v5_5_processing_system7.v:152]
INFO: [Synth 8-6157] synthesizing module 'BUFG' [/tools/Xilinx/Vivado/2022.2/scripts/rt/data/unisim_comp.v:1082]
INFO: [Synth 8-6155] done synthesizing module 'BUFG' (0#1) [/tools/Xilinx/Vivado/2022.2/scripts/rt/data/unisim_comp.v:1082]
INFO: [Synth 8-6157] synthesizing module 'BIBUF' [/tools/Xilinx/Vivado/2022.2/scripts/rt/data/unisim_comp.v:729]
INFO: [Synth 8-6155] done synthesizing module 'BIBUF' (0#1) [/tools/Xilinx/Vivado/2022.2/scripts/rt/data/unisim_comp.v:729]
INFO: [Synth 8-6157] synthesizing module 'PS7' [/tools/Xilinx/Vivado/2022.2/scripts/rt/data/unisim_comp.v:109424]
INFO: [Synth 8-6155] done synthesizing module 'PS7' (0#1) [/tools/Xilinx/Vivado/2022.2/scripts/rt/data/unisim_comp.v:109424]
INFO: [Synth 8-6155] done synthesizing module 'processing_system7_v5_5_processing_system7' (0#1) [/home/mina/Downloads/IP_NOV0/IP_NOV0.gen/sources_1/bd/MLP1/ip/MLP1_processing_system7_0_0/hdl/verilog/processing_system7_v5_5_processing_system7.v:152]
WARNING: [Synth 8-7071] port 'M_AXI_GP0_ARESETN' of module 'processing_system7_v5_5_processing_system7' is unconnected for instance 'inst' [/home/mina/Downloads/IP_NOV0/IP_NOV0.gen/sources_1/bd/MLP1/ip/MLP1_processing_system7_0_0/synth/MLP1_processing_system7_0_0.v:327]
WARNING: [Synth 8-7071] port 'M_AXI_GP1_ARESETN' of module 'processing_system7_v5_5_processing_system7' is unconnected for instance 'inst' [/home/mina/Downloads/IP_NOV0/IP_NOV0.gen/sources_1/bd/MLP1/ip/MLP1_processing_system7_0_0/synth/MLP1_processing_system7_0_0.v:327]
WARNING: [Synth 8-7071] port 'S_AXI_GP0_ARESETN' of module 'processing_system7_v5_5_processing_system7' is unconnected for instance 'inst' [/home/mina/Downloads/IP_NOV0/IP_NOV0.gen/sources_1/bd/MLP1/ip/MLP1_processing_system7_0_0/synth/MLP1_processing_system7_0_0.v:327]
WARNING: [Synth 8-7071] port 'S_AXI_GP1_ARESETN' of module 'processing_system7_v5_5_processing_system7' is unconnected for instance 'inst' [/home/mina/Downloads/IP_NOV0/IP_NOV0.gen/sources_1/bd/MLP1/ip/MLP1_processing_system7_0_0/synth/MLP1_processing_system7_0_0.v:327]
WARNING: [Synth 8-7071] port 'S_AXI_ACP_ARESETN' of module 'processing_system7_v5_5_processing_system7' is unconnected for instance 'inst' [/home/mina/Downloads/IP_NOV0/IP_NOV0.gen/sources_1/bd/MLP1/ip/MLP1_processing_system7_0_0/synth/MLP1_processing_system7_0_0.v:327]
WARNING: [Synth 8-7071] port 'S_AXI_HP0_ARESETN' of module 'processing_system7_v5_5_processing_system7' is unconnected for instance 'inst' [/home/mina/Downloads/IP_NOV0/IP_NOV0.gen/sources_1/bd/MLP1/ip/MLP1_processing_system7_0_0/synth/MLP1_processing_system7_0_0.v:327]
WARNING: [Synth 8-7071] port 'S_AXI_HP1_ARESETN' of module 'processing_system7_v5_5_processing_system7' is unconnected for instance 'inst' [/home/mina/Downloads/IP_NOV0/IP_NOV0.gen/sources_1/bd/MLP1/ip/MLP1_processing_system7_0_0/synth/MLP1_processing_system7_0_0.v:327]
WARNING: [Synth 8-7071] port 'S_AXI_HP2_ARESETN' of module 'processing_system7_v5_5_processing_system7' is unconnected for instance 'inst' [/home/mina/Downloads/IP_NOV0/IP_NOV0.gen/sources_1/bd/MLP1/ip/MLP1_processing_system7_0_0/synth/MLP1_processing_system7_0_0.v:327]
WARNING: [Synth 8-7071] port 'S_AXI_HP3_ARESETN' of module 'processing_system7_v5_5_processing_system7' is unconnected for instance 'inst' [/home/mina/Downloads/IP_NOV0/IP_NOV0.gen/sources_1/bd/MLP1/ip/MLP1_processing_system7_0_0/synth/MLP1_processing_system7_0_0.v:327]
WARNING: [Synth 8-7071] port 'DMA0_RSTN' of module 'processing_system7_v5_5_processing_system7' is unconnected for instance 'inst' [/home/mina/Downloads/IP_NOV0/IP_NOV0.gen/sources_1/bd/MLP1/ip/MLP1_processing_system7_0_0/synth/MLP1_processing_system7_0_0.v:327]
WARNING: [Synth 8-7071] port 'DMA1_RSTN' of module 'processing_system7_v5_5_processing_system7' is unconnected for instance 'inst' [/home/mina/Downloads/IP_NOV0/IP_NOV0.gen/sources_1/bd/MLP1/ip/MLP1_processing_system7_0_0/synth/MLP1_processing_system7_0_0.v:327]
WARNING: [Synth 8-7071] port 'DMA2_RSTN' of module 'processing_system7_v5_5_processing_system7' is unconnected for instance 'inst' [/home/mina/Downloads/IP_NOV0/IP_NOV0.gen/sources_1/bd/MLP1/ip/MLP1_processing_system7_0_0/synth/MLP1_processing_system7_0_0.v:327]
WARNING: [Synth 8-7071] port 'DMA3_RSTN' of module 'processing_system7_v5_5_processing_system7' is unconnected for instance 'inst' [/home/mina/Downloads/IP_NOV0/IP_NOV0.gen/sources_1/bd/MLP1/ip/MLP1_processing_system7_0_0/synth/MLP1_processing_system7_0_0.v:327]
WARNING: [Synth 8-7023] instance 'inst' of module 'processing_system7_v5_5_processing_system7' has 685 connections declared, but only 672 given [/home/mina/Downloads/IP_NOV0/IP_NOV0.gen/sources_1/bd/MLP1/ip/MLP1_processing_system7_0_0/synth/MLP1_processing_system7_0_0.v:327]
INFO: [Synth 8-6155] done synthesizing module 'MLP1_processing_system7_0_0' (0#1) [/home/mina/Downloads/IP_NOV0/IP_NOV0.gen/sources_1/bd/MLP1/ip/MLP1_processing_system7_0_0/synth/MLP1_processing_system7_0_0.v:53]
WARNING: [Synth 8-7129] Port ENET0_GMII_COL in module processing_system7_v5_5_processing_system7 is either unconnected or has no load
WARNING: [Synth 8-7129] Port ENET0_GMII_CRS in module processing_system7_v5_5_processing_system7 is either unconnected or has no load
WARNING: [Synth 8-7129] Port ENET0_GMII_RX_DV in module processing_system7_v5_5_processing_system7 is either unconnected or has no load
WARNING: [Synth 8-7129] Port ENET0_GMII_RX_ER in module processing_system7_v5_5_processing_system7 is either unconnected or has no load
WARNING: [Synth 8-7129] Port ENET0_GMII_RXD[7] in module processing_system7_v5_5_processing_system7 is either unconnected or has no load
WARNING: [Synth 8-7129] Port ENET0_GMII_RXD[6] in module processing_system7_v5_5_processing_system7 is either unconnected or has no load
WARNING: [Synth 8-7129] Port ENET0_GMII_RXD[5] in module processing_system7_v5_5_processing_system7 is either unconnected or has no load
WARNING: [Synth 8-7129] Port ENET0_GMII_RXD[4] in module processing_system7_v5_5_processing_system7 is either unconnected or has no load
WARNING: [Synth 8-7129] Port ENET0_GMII_RXD[3] in module processing_system7_v5_5_processing_system7 is either unconnected or has no load
WARNING: [Synth 8-7129] Port ENET0_GMII_RXD[2] in module processing_system7_v5_5_processing_system7 is either unconnected or has no load
WARNING: [Synth 8-7129] Port ENET0_GMII_RXD[1] in module processing_system7_v5_5_processing_system7 is either unconnected or has no load
WARNING: [Synth 8-7129] Port ENET0_GMII_RXD[0] in module processing_system7_v5_5_processing_system7 is either unconnected or has no load
WARNING: [Synth 8-7129] Port ENET1_GMII_COL in module processing_system7_v5_5_processing_system7 is either unconnected or has no load
WARNING: [Synth 8-7129] Port ENET1_GMII_CRS in module processing_system7_v5_5_processing_system7 is either unconnected or has no load
WARNING: [Synth 8-7129] Port ENET1_GMII_RX_DV in module processing_system7_v5_5_processing_system7 is either unconnected or has no load
WARNING: [Synth 8-7129] Port ENET1_GMII_RX_ER in module processing_system7_v5_5_processing_system7 is either unconnected or has no load
WARNING: [Synth 8-7129] Port ENET1_GMII_RXD[7] in module processing_system7_v5_5_processing_system7 is either unconnected or has no load
WARNING: [Synth 8-7129] Port ENET1_GMII_RXD[6] in module processing_system7_v5_5_processing_system7 is either unconnected or has no load
WARNING: [Synth 8-7129] Port ENET1_GMII_RXD[5] in module processing_system7_v5_5_processing_system7 is either unconnected or has no load
WARNING: [Synth 8-7129] Port ENET1_GMII_RXD[4] in module processing_system7_v5_5_processing_system7 is either unconnected or has no load
WARNING: [Synth 8-7129] Port ENET1_GMII_RXD[3] in module processing_system7_v5_5_processing_system7 is either unconnected or has no load
WARNING: [Synth 8-7129] Port ENET1_GMII_RXD[2] in module processing_system7_v5_5_processing_system7 is either unconnected or has no load
WARNING: [Synth 8-7129] Port ENET1_GMII_RXD[1] in module processing_system7_v5_5_processing_system7 is either unconnected or has no load
WARNING: [Synth 8-7129] Port ENET1_GMII_RXD[0] in module processing_system7_v5_5_processing_system7 is either unconnected or has no load
WARNING: [Synth 8-7129] Port S_AXI_GP0_ARSIZE[2] in module processing_system7_v5_5_processing_system7 is either unconnected or has no load
WARNING: [Synth 8-7129] Port S_AXI_GP0_AWSIZE[2] in module processing_system7_v5_5_processing_system7 is either unconnected or has no load
WARNING: [Synth 8-7129] Port S_AXI_GP1_ARSIZE[2] in module processing_system7_v5_5_processing_system7 is either unconnected or has no load
WARNING: [Synth 8-7129] Port S_AXI_GP1_AWSIZE[2] in module processing_system7_v5_5_processing_system7 is either unconnected or has no load
WARNING: [Synth 8-7129] Port S_AXI_ACP_ARSIZE[2] in module processing_system7_v5_5_processing_system7 is either unconnected or has no load
WARNING: [Synth 8-7129] Port S_AXI_ACP_AWSIZE[2] in module processing_system7_v5_5_processing_system7 is either unconnected or has no load
WARNING: [Synth 8-7129] Port S_AXI_HP0_ARSIZE[2] in module processing_system7_v5_5_processing_system7 is either unconnected or has no load
WARNING: [Synth 8-7129] Port S_AXI_HP0_AWSIZE[2] in module processing_system7_v5_5_processing_system7 is either unconnected or has no load
WARNING: [Synth 8-7129] Port S_AXI_HP1_ARSIZE[2] in module processing_system7_v5_5_processing_system7 is either unconnected or has no load
WARNING: [Synth 8-7129] Port S_AXI_HP1_AWSIZE[2] in module processing_system7_v5_5_processing_system7 is either unconnected or has no load
WARNING: [Synth 8-7129] Port S_AXI_HP2_ARSIZE[2] in module processing_system7_v5_5_processing_system7 is either unconnected or has no load
WARNING: [Synth 8-7129] Port S_AXI_HP2_AWSIZE[2] in module processing_system7_v5_5_processing_system7 is either unconnected or has no load
WARNING: [Synth 8-7129] Port S_AXI_HP3_ARSIZE[2] in module processing_system7_v5_5_processing_system7 is either unconnected or has no load
WARNING: [Synth 8-7129] Port S_AXI_HP3_AWSIZE[2] in module processing_system7_v5_5_processing_system7 is either unconnected or has no load
WARNING: [Synth 8-7129] Port FCLK_CLKTRIG3_N in module processing_system7_v5_5_processing_system7 is either unconnected or has no load
WARNING: [Synth 8-7129] Port FCLK_CLKTRIG2_N in module processing_system7_v5_5_processing_system7 is either unconnected or has no load
WARNING: [Synth 8-7129] Port FCLK_CLKTRIG1_N in module processing_system7_v5_5_processing_system7 is either unconnected or has no load
WARNING: [Synth 8-7129] Port FCLK_CLKTRIG0_N in module processing_system7_v5_5_processing_system7 is either unconnected or has no load
WARNING: [Synth 8-7129] Port FTMD_TRACEIN_DATA[31] in module processing_system7_v5_5_processing_system7 is either unconnected or has no load
WARNING: [Synth 8-7129] Port FTMD_TRACEIN_DATA[30] in module processing_system7_v5_5_processing_system7 is either unconnected or has no load
WARNING: [Synth 8-7129] Port FTMD_TRACEIN_DATA[29] in module processing_system7_v5_5_processing_system7 is either unconnected or has no load
WARNING: [Synth 8-7129] Port FTMD_TRACEIN_DATA[28] in module processing_system7_v5_5_processing_system7 is either unconnected or has no load
WARNING: [Synth 8-7129] Port FTMD_TRACEIN_DATA[27] in module processing_system7_v5_5_processing_system7 is either unconnected or has no load
WARNING: [Synth 8-7129] Port FTMD_TRACEIN_DATA[26] in module processing_system7_v5_5_processing_system7 is either unconnected or has no load
WARNING: [Synth 8-7129] Port FTMD_TRACEIN_DATA[25] in module processing_system7_v5_5_processing_system7 is either unconnected or has no load
WARNING: [Synth 8-7129] Port FTMD_TRACEIN_DATA[24] in module processing_system7_v5_5_processing_system7 is either unconnected or has no load
WARNING: [Synth 8-7129] Port FTMD_TRACEIN_DATA[23] in module processing_system7_v5_5_processing_system7 is either unconnected or has no load
WARNING: [Synth 8-7129] Port FTMD_TRACEIN_DATA[22] in module processing_system7_v5_5_processing_system7 is either unconnected or has no load
WARNING: [Synth 8-7129] Port FTMD_TRACEIN_DATA[21] in module processing_system7_v5_5_processing_system7 is either unconnected or has no load
WARNING: [Synth 8-7129] Port FTMD_TRACEIN_DATA[20] in module processing_system7_v5_5_processing_system7 is either unconnected or has no load
WARNING: [Synth 8-7129] Port FTMD_TRACEIN_DATA[19] in module processing_system7_v5_5_processing_system7 is either unconnected or has no load
WARNING: [Synth 8-7129] Port FTMD_TRACEIN_DATA[18] in module processing_system7_v5_5_processing_system7 is either unconnected or has no load
WARNING: [Synth 8-7129] Port FTMD_TRACEIN_DATA[17] in module processing_system7_v5_5_processing_system7 is either unconnected or has no load
WARNING: [Synth 8-7129] Port FTMD_TRACEIN_DATA[16] in module processing_system7_v5_5_processing_system7 is either unconnected or has no load
WARNING: [Synth 8-7129] Port FTMD_TRACEIN_DATA[15] in module processing_system7_v5_5_processing_system7 is either unconnected or has no load
WARNING: [Synth 8-7129] Port FTMD_TRACEIN_DATA[14] in module processing_system7_v5_5_processing_system7 is either unconnected or has no load
WARNING: [Synth 8-7129] Port FTMD_TRACEIN_DATA[13] in module processing_system7_v5_5_processing_system7 is either unconnected or has no load
WARNING: [Synth 8-7129] Port FTMD_TRACEIN_DATA[12] in module processing_system7_v5_5_processing_system7 is either unconnected or has no load
WARNING: [Synth 8-7129] Port FTMD_TRACEIN_DATA[11] in module processing_system7_v5_5_processing_system7 is either unconnected or has no load
WARNING: [Synth 8-7129] Port FTMD_TRACEIN_DATA[10] in module processing_system7_v5_5_processing_system7 is either unconnected or has no load
WARNING: [Synth 8-7129] Port FTMD_TRACEIN_DATA[9] in module processing_system7_v5_5_processing_system7 is either unconnected or has no load
WARNING: [Synth 8-7129] Port FTMD_TRACEIN_DATA[8] in module processing_system7_v5_5_processing_system7 is either unconnected or has no load
WARNING: [Synth 8-7129] Port FTMD_TRACEIN_DATA[7] in module processing_system7_v5_5_processing_system7 is either unconnected or has no load
WARNING: [Synth 8-7129] Port FTMD_TRACEIN_DATA[6] in module processing_system7_v5_5_processing_system7 is either unconnected or has no load
WARNING: [Synth 8-7129] Port FTMD_TRACEIN_DATA[5] in module processing_system7_v5_5_processing_system7 is either unconnected or has no load
WARNING: [Synth 8-7129] Port FTMD_TRACEIN_DATA[4] in module processing_system7_v5_5_processing_system7 is either unconnected or has no load
WARNING: [Synth 8-7129] Port FTMD_TRACEIN_DATA[3] in module processing_system7_v5_5_processing_system7 is either unconnected or has no load
WARNING: [Synth 8-7129] Port FTMD_TRACEIN_DATA[2] in module processing_system7_v5_5_processing_system7 is either unconnected or has no load
WARNING: [Synth 8-7129] Port FTMD_TRACEIN_DATA[1] in module processing_system7_v5_5_processing_system7 is either unconnected or has no load
WARNING: [Synth 8-7129] Port FTMD_TRACEIN_DATA[0] in module processing_system7_v5_5_processing_system7 is either unconnected or has no load
WARNING: [Synth 8-7129] Port FTMD_TRACEIN_VALID in module processing_system7_v5_5_processing_system7 is either unconnected or has no load
WARNING: [Synth 8-7129] Port FTMD_TRACEIN_ATID[3] in module processing_system7_v5_5_processing_system7 is either unconnected or has no load
WARNING: [Synth 8-7129] Port FTMD_TRACEIN_ATID[2] in module processing_system7_v5_5_processing_system7 is either unconnected or has no load
WARNING: [Synth 8-7129] Port FTMD_TRACEIN_ATID[1] in module processing_system7_v5_5_processing_system7 is either unconnected or has no load
WARNING: [Synth 8-7129] Port FTMD_TRACEIN_ATID[0] in module processing_system7_v5_5_processing_system7 is either unconnected or has no load
---------------------------------------------------------------------------------
Finished RTL Elaboration : Time (s): cpu = 00:00:11 ; elapsed = 00:00:26 . Memory (MB): peak = 2075.539 ; gain = 447.703 ; free physical = 385 ; free virtual = 16037
Synthesis current peak Physical Memory [PSS] (MB): peak = 1151.163; parent = 1020.887; children = 130.752
Synthesis current peak Virtual Memory [VSS] (MB): peak = 3111.375; parent = 2075.543; children = 1035.832
---------------------------------------------------------------------------------
---------------------------------------------------------------------------------
Start Handling Custom Attributes
---------------------------------------------------------------------------------
---------------------------------------------------------------------------------
Finished Handling Custom Attributes : Time (s): cpu = 00:00:11 ; elapsed = 00:00:27 . Memory (MB): peak = 2090.383 ; gain = 462.547 ; free physical = 351 ; free virtual = 16015
Synthesis current peak Physical Memory [PSS] (MB): peak = 1151.163; parent = 1020.887; children = 130.752
Synthesis current peak Virtual Memory [VSS] (MB): peak = 3126.219; parent = 2090.387; children = 1035.832
---------------------------------------------------------------------------------
---------------------------------------------------------------------------------
Finished RTL Optimization Phase 1 : Time (s): cpu = 00:00:11 ; elapsed = 00:00:27 . Memory (MB): peak = 2090.383 ; gain = 462.547 ; free physical = 347 ; free virtual = 16012
Synthesis current peak Physical Memory [PSS] (MB): peak = 1151.163; parent = 1020.887; children = 130.752
Synthesis current peak Virtual Memory [VSS] (MB): peak = 3126.219; parent = 2090.387; children = 1035.832
---------------------------------------------------------------------------------
Netlist sorting complete. Time (s): cpu = 00:00:00.01 ; elapsed = 00:00:00.02 . Memory (MB): peak = 2093.352 ; gain = 0.000 ; free physical = 313 ; free virtual = 15985
INFO: [Project 1-570] Preparing netlist for logic optimization

Processing XDC Constraints
Initializing timing engine
Parsing XDC File [/home/mina/Downloads/IP_NOV0/IP_NOV0.gen/sources_1/bd/MLP1/ip/MLP1_processing_system7_0_0/MLP1_processing_system7_0_0.xdc] for cell 'inst'
Finished Parsing XDC File [/home/mina/Downloads/IP_NOV0/IP_NOV0.gen/sources_1/bd/MLP1/ip/MLP1_processing_system7_0_0/MLP1_processing_system7_0_0.xdc] for cell 'inst'
INFO: [Project 1-236] Implementation specific constraints were found while reading constraint file [/home/mina/Downloads/IP_NOV0/IP_NOV0.gen/sources_1/bd/MLP1/ip/MLP1_processing_system7_0_0/MLP1_processing_system7_0_0.xdc]. These constraints will be ignored for synthesis but will be used in implementation. Impacted constraints are listed in the file [.Xil/MLP1_processing_system7_0_0_propImpl.xdc].
Resolution: To avoid this warning, move constraints listed in [.Xil/MLP1_processing_system7_0_0_propImpl.xdc] to another XDC file and exclude this new file from synthesis with the used_in_synthesis property (File Properties dialog in GUI) and re-run elaboration/synthesis.
Parsing XDC File [/home/mina/Downloads/IP_NOV0/IP_NOV0.runs/MLP1_processing_system7_0_0_synth_1/dont_touch.xdc]
Finished Parsing XDC File [/home/mina/Downloads/IP_NOV0/IP_NOV0.runs/MLP1_processing_system7_0_0_synth_1/dont_touch.xdc]
Completed Processing XDC Constraints

Netlist sorting complete. Time (s): cpu = 00:00:00 ; elapsed = 00:00:00 . Memory (MB): peak = 2137.242 ; gain = 0.000 ; free physical = 255 ; free virtual = 16017
INFO: [Project 1-111] Unisim Transformation Summary:
No Unisim elements were transformed.

Constraint Validation Runtime : Time (s): cpu = 00:00:00.03 ; elapsed = 00:00:00.03 . Memory (MB): peak = 2137.242 ; gain = 0.000 ; free physical = 250 ; free virtual = 16012
INFO: [Designutils 20-5008] Incremental synthesis strategy off
INFO: [Synth 8-11241] undeclared symbol 'REGCCE', assumed default net type 'wire' [/tools/Xilinx/Vivado/2022.2/data/verilog/src/unimacro/BRAM_SINGLE_MACRO.v:2170]
---------------------------------------------------------------------------------
Finished Constraint Validation : Time (s): cpu = 00:00:24 ; elapsed = 00:00:45 . Memory (MB): peak = 2137.242 ; gain = 509.406 ; free physical = 489 ; free virtual = 16223
Synthesis current peak Physical Memory [PSS] (MB): peak = 1151.163; parent = 1020.887; children = 130.752
Synthesis current peak Virtual Memory [VSS] (MB): peak = 3173.078; parent = 2137.246; children = 1035.832
---------------------------------------------------------------------------------
---------------------------------------------------------------------------------
Start Loading Part and Timing Information
---------------------------------------------------------------------------------
Loading part: xc7z010clg400-1
---------------------------------------------------------------------------------
Finished Loading Part and Timing Information : Time (s): cpu = 00:00:24 ; elapsed = 00:00:45 . Memory (MB): peak = 2137.242 ; gain = 509.406 ; free physical = 486 ; free virtual = 16220
Synthesis current peak Physical Memory [PSS] (MB): peak = 1151.163; parent = 1020.887; children = 130.752
Synthesis current peak Virtual Memory [VSS] (MB): peak = 3173.078; parent = 2137.246; children = 1035.832
---------------------------------------------------------------------------------
---------------------------------------------------------------------------------
Start Applying 'set_property' XDC Constraints
---------------------------------------------------------------------------------
Applied set_property KEEP_HIERARCHY = SOFT for inst. (constraint file  /home/mina/Downloads/IP_NOV0/IP_NOV0.runs/MLP1_processing_system7_0_0_synth_1/dont_touch.xdc, line 9).
---------------------------------------------------------------------------------
Finished applying 'set_property' XDC Constraints : Time (s): cpu = 00:00:24 ; elapsed = 00:00:46 . Memory (MB): peak = 2137.242 ; gain = 509.406 ; free physical = 454 ; free virtual = 16191
Synthesis current peak Physical Memory [PSS] (MB): peak = 1151.163; parent = 1020.887; children = 130.752
Synthesis current peak Virtual Memory [VSS] (MB): peak = 3173.078; parent = 2137.246; children = 1035.832
---------------------------------------------------------------------------------
---------------------------------------------------------------------------------
Finished RTL Optimization Phase 2 : Time (s): cpu = 00:00:25 ; elapsed = 00:00:47 . Memory (MB): peak = 2137.242 ; gain = 509.406 ; free physical = 362 ; free virtual = 16137
Synthesis current peak Physical Memory [PSS] (MB): peak = 1151.163; parent = 1020.887; children = 130.752
Synthesis current peak Virtual Memory [VSS] (MB): peak = 3173.078; parent = 2137.246; children = 1035.832
---------------------------------------------------------------------------------
---------------------------------------------------------------------------------
Start RTL Component Statistics 
---------------------------------------------------------------------------------
Detailed RTL Component Info : 
---------------------------------------------------------------------------------
Finished RTL Component Statistics 
---------------------------------------------------------------------------------
---------------------------------------------------------------------------------
Start Part Resource Summary
---------------------------------------------------------------------------------
Part Resources:
DSPs: 80 (col length:40)
BRAMs: 120 (col length: RAMB18 40 RAMB36 20)
---------------------------------------------------------------------------------
Finished Part Resource Summary
---------------------------------------------------------------------------------
---------------------------------------------------------------------------------
Start Cross Boundary and Area Optimization
---------------------------------------------------------------------------------
WARNING: [Synth 8-7080] Parallel synthesis criteria is not met
WARNING: [Synth 8-7129] Port ENET0_GMII_COL in module processing_system7_v5_5_processing_system7 is either unconnected or has no load
WARNING: [Synth 8-7129] Port ENET0_GMII_CRS in module processing_system7_v5_5_processing_system7 is either unconnected or has no load
WARNING: [Synth 8-7129] Port ENET0_GMII_RX_DV in module processing_system7_v5_5_processing_system7 is either unconnected or has no load
WARNING: [Synth 8-7129] Port ENET0_GMII_RX_ER in module processing_system7_v5_5_processing_system7 is either unconnected or has no load
WARNING: [Synth 8-7129] Port ENET0_GMII_RXD[7] in module processing_system7_v5_5_processing_system7 is either unconnected or has no load
WARNING: [Synth 8-7129] Port ENET0_GMII_RXD[6] in module processing_system7_v5_5_processing_system7 is either unconnected or has no load
WARNING: [Synth 8-7129] Port ENET0_GMII_RXD[5] in module processing_system7_v5_5_processing_system7 is either unconnected or has no load
WARNING: [Synth 8-7129] Port ENET0_GMII_RXD[4] in module processing_system7_v5_5_processing_system7 is either unconnected or has no load
WARNING: [Synth 8-7129] Port ENET0_GMII_RXD[3] in module processing_system7_v5_5_processing_system7 is either unconnected or has no load
WARNING: [Synth 8-7129] Port ENET0_GMII_RXD[2] in module processing_system7_v5_5_processing_system7 is either unconnected or has no load
WARNING: [Synth 8-7129] Port ENET0_GMII_RXD[1] in module processing_system7_v5_5_processing_system7 is either unconnected or has no load
WARNING: [Synth 8-7129] Port ENET0_GMII_RXD[0] in module processing_system7_v5_5_processing_system7 is either unconnected or has no load
WARNING: [Synth 8-7129] Port ENET1_GMII_COL in module processing_system7_v5_5_processing_system7 is either unconnected or has no load
WARNING: [Synth 8-7129] Port ENET1_GMII_CRS in module processing_system7_v5_5_processing_system7 is either unconnected or has no load
WARNING: [Synth 8-7129] Port ENET1_GMII_RX_DV in module processing_system7_v5_5_processing_system7 is either unconnected or has no load
WARNING: [Synth 8-7129] Port ENET1_GMII_RX_ER in module processing_system7_v5_5_processing_system7 is either unconnected or has no load
WARNING: [Synth 8-7129] Port ENET1_GMII_RXD[7] in module processing_system7_v5_5_processing_system7 is either unconnected or has no load
WARNING: [Synth 8-7129] Port ENET1_GMII_RXD[6] in module processing_system7_v5_5_processing_system7 is either unconnected or has no load
WARNING: [Synth 8-7129] Port ENET1_GMII_RXD[5] in module processing_system7_v5_5_processing_system7 is either unconnected or has no load
WARNING: [Synth 8-7129] Port ENET1_GMII_RXD[4] in module processing_system7_v5_5_processing_system7 is either unconnected or has no load
WARNING: [Synth 8-7129] Port ENET1_GMII_RXD[3] in module processing_system7_v5_5_processing_system7 is either unconnected or has no load
INFO: [Common 17-14] Message 'Synth 8-7129' appears 100 times and further instances of the messages will be disabled. Use the Tcl command set_msg_config to change the current settings.
---------------------------------------------------------------------------------
Finished Cross Boundary and Area Optimization : Time (s): cpu = 00:00:28 ; elapsed = 00:00:50 . Memory (MB): peak = 2137.242 ; gain = 509.406 ; free physical = 422 ; free virtual = 16231
Synthesis current peak Physical Memory [PSS] (MB): peak = 1151.163; parent = 1020.887; children = 130.752
Synthesis current peak Virtual Memory [VSS] (MB): peak = 3173.078; parent = 2137.246; children = 1035.832
---------------------------------------------------------------------------------
---------------------------------------------------------------------------------
Start Applying XDC Timing Constraints
---------------------------------------------------------------------------------
---------------------------------------------------------------------------------
Finished Applying XDC Timing Constraints : Time (s): cpu = 00:00:39 ; elapsed = 00:01:05 . Memory (MB): peak = 2223.242 ; gain = 595.406 ; free physical = 127 ; free virtual = 15811
Synthesis current peak Physical Memory [PSS] (MB): peak = 1355.569; parent = 1241.626; children = 130.752
Synthesis current peak Virtual Memory [VSS] (MB): peak = 3259.078; parent = 2223.246; children = 1035.832
---------------------------------------------------------------------------------
---------------------------------------------------------------------------------
Start Timing Optimization
---------------------------------------------------------------------------------
---------------------------------------------------------------------------------
Finished Timing Optimization : Time (s): cpu = 00:00:39 ; elapsed = 00:01:05 . Memory (MB): peak = 2243.250 ; gain = 615.414 ; free physical = 129 ; free virtual = 15798
Synthesis current peak Physical Memory [PSS] (MB): peak = 1367.343; parent = 1253.399; children = 130.752
Synthesis current peak Virtual Memory [VSS] (MB): peak = 3279.086; parent = 2243.254; children = 1035.832
---------------------------------------------------------------------------------
---------------------------------------------------------------------------------
Start Technology Mapping
---------------------------------------------------------------------------------
---------------------------------------------------------------------------------
Finished Technology Mapping : Time (s): cpu = 00:00:39 ; elapsed = 00:01:05 . Memory (MB): peak = 2262.281 ; gain = 634.445 ; free physical = 126 ; free virtual = 15795
Synthesis current peak Physical Memory [PSS] (MB): peak = 1367.742; parent = 1253.799; children = 130.752
Synthesis current peak Virtual Memory [VSS] (MB): peak = 3298.117; parent = 2262.285; children = 1035.832
---------------------------------------------------------------------------------
---------------------------------------------------------------------------------
Start IO Insertion
---------------------------------------------------------------------------------
---------------------------------------------------------------------------------
Start Flattening Before IO Insertion
---------------------------------------------------------------------------------
---------------------------------------------------------------------------------
Finished Flattening Before IO Insertion
---------------------------------------------------------------------------------
---------------------------------------------------------------------------------
Start Final Netlist Cleanup
---------------------------------------------------------------------------------
---------------------------------------------------------------------------------
Finished Final Netlist Cleanup
---------------------------------------------------------------------------------
---------------------------------------------------------------------------------
Finished IO Insertion : Time (s): cpu = 00:00:47 ; elapsed = 00:01:14 . Memory (MB): peak = 2262.281 ; gain = 634.445 ; free physical = 245 ; free virtual = 15992
Synthesis current peak Physical Memory [PSS] (MB): peak = 1367.742; parent = 1253.799; children = 130.752
Synthesis current peak Virtual Memory [VSS] (MB): peak = 3298.117; parent = 2262.285; children = 1035.832
---------------------------------------------------------------------------------
---------------------------------------------------------------------------------
Start Renaming Generated Instances
---------------------------------------------------------------------------------
---------------------------------------------------------------------------------
Finished Renaming Generated Instances : Time (s): cpu = 00:00:47 ; elapsed = 00:01:14 . Memory (MB): peak = 2262.281 ; gain = 634.445 ; free physical = 236 ; free virtual = 15983
Synthesis current peak Physical Memory [PSS] (MB): peak = 1367.742; parent = 1253.799; children = 130.752
Synthesis current peak Virtual Memory [VSS] (MB): peak = 3298.117; parent = 2262.285; children = 1035.832
---------------------------------------------------------------------------------
---------------------------------------------------------------------------------
Start Rebuilding User Hierarchy
---------------------------------------------------------------------------------
---------------------------------------------------------------------------------
Finished Rebuilding User Hierarchy : Time (s): cpu = 00:00:47 ; elapsed = 00:01:14 . Memory (MB): peak = 2262.281 ; gain = 634.445 ; free physical = 244 ; free virtual = 15990
Synthesis current peak Physical Memory [PSS] (MB): peak = 1367.742; parent = 1253.799; children = 130.752
Synthesis current peak Virtual Memory [VSS] (MB): peak = 3298.117; parent = 2262.285; children = 1035.832
---------------------------------------------------------------------------------
---------------------------------------------------------------------------------
Start Renaming Generated Ports
---------------------------------------------------------------------------------
---------------------------------------------------------------------------------
Finished Renaming Generated Ports : Time (s): cpu = 00:00:47 ; elapsed = 00:01:15 . Memory (MB): peak = 2262.281 ; gain = 634.445 ; free physical = 237 ; free virtual = 15984
Synthesis current peak Physical Memory [PSS] (MB): peak = 1367.742; parent = 1253.799; children = 130.752
Synthesis current peak Virtual Memory [VSS] (MB): peak = 3298.117; parent = 2262.285; children = 1035.832
---------------------------------------------------------------------------------
---------------------------------------------------------------------------------
Start Handling Custom Attributes
---------------------------------------------------------------------------------
---------------------------------------------------------------------------------
Finished Handling Custom Attributes : Time (s): cpu = 00:00:47 ; elapsed = 00:01:15 . Memory (MB): peak = 2262.281 ; gain = 634.445 ; free physical = 245 ; free virtual = 15991
Synthesis current peak Physical Memory [PSS] (MB): peak = 1367.742; parent = 1253.799; children = 130.752
Synthesis current peak Virtual Memory [VSS] (MB): peak = 3298.117; parent = 2262.285; children = 1035.832
---------------------------------------------------------------------------------
---------------------------------------------------------------------------------
Start Renaming Generated Nets
---------------------------------------------------------------------------------
---------------------------------------------------------------------------------
Finished Renaming Generated Nets : Time (s): cpu = 00:00:47 ; elapsed = 00:01:15 . Memory (MB): peak = 2262.281 ; gain = 634.445 ; free physical = 237 ; free virtual = 15984
Synthesis current peak Physical Memory [PSS] (MB): peak = 1367.742; parent = 1253.799; children = 130.752
Synthesis current peak Virtual Memory [VSS] (MB): peak = 3298.117; parent = 2262.285; children = 1035.832
---------------------------------------------------------------------------------
---------------------------------------------------------------------------------
Start Writing Synthesis Report
---------------------------------------------------------------------------------

Report BlackBoxes: 
+-+--------------+----------+
| |BlackBox name |Instances |
+-+--------------+----------+
+-+--------------+----------+

Report Cell Usage: 
+------+------+------+
|      |Cell  |Count |
+------+------+------+
|1     |BIBUF |   130|
|2     |BUFG  |     1|
|3     |LUT1  |    24|
|4     |PS7   |     1|
+------+------+------+
---------------------------------------------------------------------------------
Finished Writing Synthesis Report : Time (s): cpu = 00:00:47 ; elapsed = 00:01:15 . Memory (MB): peak = 2262.281 ; gain = 634.445 ; free physical = 244 ; free virtual = 15991
Synthesis current peak Physical Memory [PSS] (MB): peak = 1367.742; parent = 1253.799; children = 130.752
Synthesis current peak Virtual Memory [VSS] (MB): peak = 3298.117; parent = 2262.285; children = 1035.832
---------------------------------------------------------------------------------
Synthesis finished with 0 errors, 0 critical warnings and 80 warnings.
Synthesis Optimization Runtime : Time (s): cpu = 00:00:43 ; elapsed = 00:01:07 . Memory (MB): peak = 2262.281 ; gain = 587.586 ; free physical = 294 ; free virtual = 16041
Synthesis Optimization Complete : Time (s): cpu = 00:00:47 ; elapsed = 00:01:15 . Memory (MB): peak = 2262.289 ; gain = 634.445 ; free physical = 296 ; free virtual = 16043
INFO: [Project 1-571] Translating synthesized netlist
Netlist sorting complete. Time (s): cpu = 00:00:00.02 ; elapsed = 00:00:00.02 . Memory (MB): peak = 2262.289 ; gain = 0.000 ; free physical = 292 ; free virtual = 16039
INFO: [Project 1-570] Preparing netlist for logic optimization
INFO: [Opt 31-138] Pushed 0 inverter(s) to 0 load pin(s).
Netlist sorting complete. Time (s): cpu = 00:00:00 ; elapsed = 00:00:00 . Memory (MB): peak = 2279.125 ; gain = 0.000 ; free physical = 350 ; free virtual = 16099
INFO: [Project 1-111] Unisim Transformation Summary:
No Unisim elements were transformed.

Synth Design complete, checksum: 35f70fb5
INFO: [Common 17-83] Releasing license: Synthesis
30 Infos, 115 Warnings, 0 Critical Warnings and 0 Errors encountered.
synth_design completed successfully
synth_design: Time (s): cpu = 00:01:00 ; elapsed = 00:01:30 . Memory (MB): peak = 2279.125 ; gain = 922.688 ; free physical = 696 ; free virtual = 16445
INFO: [Common 17-1381] The checkpoint '/home/mina/Downloads/IP_NOV0/IP_NOV0.runs/MLP1_processing_system7_0_0_synth_1/MLP1_processing_system7_0_0.dcp' has been generated.
INFO: [runtcl-4] Executing : report_utilization -file MLP1_processing_system7_0_0_utilization_synth.rpt -pb MLP1_processing_system7_0_0_utilization_synth.pb
INFO: [Common 17-206] Exiting Vivado at Wed Aug 30 23:51:18 2023...
